0 verbose cli /data/data/com.termux/files/usr/bin/node /data/data/com.termux/files/usr/bin/npm
1 info using npm@11.6.2
2 info using node@v24.11.1
3 silly config load:file:/data/data/com.termux/files/usr/lib/node_modules/npm/npmrc
4 silly config load:file:/data/data/com.termux/files/home/.npmrc
5 silly config load:file:/data/data/com.termux/files/usr/etc/npmrc
6 verbose title npm install nodemon
7 verbose argv "install" "--global" "nodemon"
8 verbose logfile logs-max:10 dir:/data/data/com.termux/files/home/.npm/_logs/2025-12-14T02_04_25_407Z-
9 verbose logfile /data/data/com.termux/files/home/.npm/_logs/2025-12-14T02_04_25_407Z-debug-0.log
10 silly packumentCache heap:1174405120 maxSize:293601280 maxEntrySize:146800640
11 silly logfile start cleaning logs, removing 1 files
12 silly logfile done cleaning log files
13 silly idealTree buildDeps
14 silly fetch manifest nodemon@*
15 silly packumentCache full:https://registry.npmjs.org/nodemon cache-miss
16 http fetch GET 200 https://registry.npmjs.org/nodemon 369ms (cache miss)
17 silly packumentCache full:https://registry.npmjs.org/nodemon set size:undefined disposed:false
18 silly placeDep ROOT nodemon@3.1.11 OK for:  want: *
19 silly fetch manifest chokidar@^3.5.2
20 silly packumentCache full:https://registry.npmjs.org/chokidar cache-miss
21 silly fetch manifest debug@^4
22 silly packumentCache full:https://registry.npmjs.org/debug cache-miss
23 silly fetch manifest ignore-by-default@^1.0.1
24 silly packumentCache full:https://registry.npmjs.org/ignore-by-default cache-miss
25 silly fetch manifest minimatch@^3.1.2
26 silly packumentCache full:https://registry.npmjs.org/minimatch cache-miss
27 silly fetch manifest pstree.remy@^1.1.8
28 silly packumentCache full:https://registry.npmjs.org/pstree.remy cache-miss
29 silly fetch manifest semver@^7.5.3
30 silly packumentCache full:https://registry.npmjs.org/semver cache-miss
31 silly fetch manifest simple-update-notifier@^2.0.0
32 silly packumentCache full:https://registry.npmjs.org/simple-update-notifier cache-miss
33 http fetch GET 200 https://registry.npmjs.org/chokidar 100ms (cache miss)
34 silly packumentCache full:https://registry.npmjs.org/chokidar set size:undefined disposed:false
35 silly fetch manifest supports-color@^5.5.0
36 silly packumentCache full:https://registry.npmjs.org/supports-color cache-miss
37 http fetch GET 200 https://registry.npmjs.org/supports-color 103ms (cache revalidated)
38 silly packumentCache full:https://registry.npmjs.org/supports-color set size:118680 disposed:false
39 silly fetch manifest touch@^3.1.0
40 silly packumentCache full:https://registry.npmjs.org/touch cache-miss
41 http fetch GET 200 https://registry.npmjs.org/simple-update-notifier 216ms (cache miss)
42 silly packumentCache full:https://registry.npmjs.org/simple-update-notifier set size:undefined disposed:false
43 silly fetch manifest undefsafe@^2.0.5
44 silly packumentCache full:https://registry.npmjs.org/undefsafe cache-miss
45 http fetch GET 200 https://registry.npmjs.org/debug 237ms (cache revalidated)
46 silly packumentCache full:https://registry.npmjs.org/debug set size:195840 disposed:false
47 http fetch GET 200 https://registry.npmjs.org/semver 243ms (cache revalidated)
48 silly packumentCache full:https://registry.npmjs.org/semver set size:226907 disposed:false
49 http fetch GET 200 https://registry.npmjs.org/minimatch 249ms (cache revalidated)
50 silly packumentCache full:https://registry.npmjs.org/minimatch set size:303959 disposed:false
51 http fetch GET 200 https://registry.npmjs.org/ignore-by-default 257ms (cache miss)
52 silly packumentCache full:https://registry.npmjs.org/ignore-by-default set size:undefined disposed:false
53 http fetch GET 200 https://registry.npmjs.org/pstree.remy 262ms (cache miss)
54 silly packumentCache full:https://registry.npmjs.org/pstree.remy set size:undefined disposed:false
55 http fetch GET 200 https://registry.npmjs.org/touch 75ms (cache miss)
56 silly packumentCache full:https://registry.npmjs.org/touch set size:undefined disposed:false
57 http fetch GET 200 https://registry.npmjs.org/undefsafe 95ms (cache miss)
58 silly packumentCache full:https://registry.npmjs.org/undefsafe set size:undefined disposed:false
59 silly placeDep node_modules/nodemon chokidar@3.6.0 OK for: nodemon@3.1.11 want: ^3.5.2
60 silly placeDep node_modules/nodemon debug@4.4.3 OK for: nodemon@3.1.11 want: ^4
61 silly placeDep node_modules/nodemon ignore-by-default@1.0.1 OK for: nodemon@3.1.11 want: ^1.0.1
62 silly placeDep node_modules/nodemon minimatch@3.1.2 OK for: nodemon@3.1.11 want: ^3.1.2
63 silly placeDep node_modules/nodemon pstree.remy@1.1.8 OK for: nodemon@3.1.11 want: ^1.1.8
64 silly placeDep node_modules/nodemon semver@7.7.3 OK for: nodemon@3.1.11 want: ^7.5.3
65 silly placeDep node_modules/nodemon simple-update-notifier@2.0.0 OK for: nodemon@3.1.11 want: ^2.0.0
66 silly placeDep node_modules/nodemon supports-color@5.5.0 OK for: nodemon@3.1.11 want: ^5.5.0
67 silly placeDep node_modules/nodemon touch@3.1.1 OK for: nodemon@3.1.11 want: ^3.1.0
68 silly placeDep node_modules/nodemon undefsafe@2.0.5 OK for: nodemon@3.1.11 want: ^2.0.5
69 silly fetch manifest braces@~3.0.2
70 silly packumentCache full:https://registry.npmjs.org/braces cache-miss
71 silly fetch manifest is-glob@~4.0.1
72 silly packumentCache full:https://registry.npmjs.org/is-glob cache-miss
73 silly fetch manifest anymatch@~3.1.2
74 silly packumentCache full:https://registry.npmjs.org/anymatch cache-miss
75 silly fetch manifest readdirp@~3.6.0
76 silly packumentCache full:https://registry.npmjs.org/readdirp cache-miss
77 silly fetch manifest glob-parent@~5.1.2
78 silly packumentCache full:https://registry.npmjs.org/glob-parent cache-miss
79 silly fetch manifest is-binary-path@~2.1.0
80 silly packumentCache full:https://registry.npmjs.org/is-binary-path cache-miss
81 silly fetch manifest normalize-path@~3.0.0
82 silly packumentCache full:https://registry.npmjs.org/normalize-path cache-miss
83 http fetch GET 200 https://registry.npmjs.org/is-glob 78ms (cache revalidated)
84 silly packumentCache full:https://registry.npmjs.org/is-glob set size:40530 disposed:false
85 silly fetch manifest fsevents@~2.3.2
86 silly packumentCache full:https://registry.npmjs.org/fsevents cache-miss
87 http fetch GET 200 https://registry.npmjs.org/anymatch 87ms (cache miss)
88 silly packumentCache full:https://registry.npmjs.org/anymatch set size:undefined disposed:false
89 silly fetch manifest ms@^2.1.3
90 silly packumentCache full:https://registry.npmjs.org/ms cache-miss
91 http fetch GET 200 https://registry.npmjs.org/glob-parent 90ms (cache revalidated)
92 silly packumentCache full:https://registry.npmjs.org/glob-parent set size:42445 disposed:false
93 silly fetch manifest brace-expansion@^1.1.7
94 silly packumentCache full:https://registry.npmjs.org/brace-expansion cache-miss
95 http fetch GET 200 https://registry.npmjs.org/is-binary-path 95ms (cache miss)
96 silly packumentCache full:https://registry.npmjs.org/is-binary-path set size:undefined disposed:false
97 silly fetch manifest has-flag@^3.0.0
98 silly packumentCache full:https://registry.npmjs.org/has-flag cache-miss
99 http fetch GET 200 https://registry.npmjs.org/normalize-path 98ms (cache miss)
100 silly packumentCache full:https://registry.npmjs.org/normalize-path set size:undefined disposed:false
101 http fetch GET 200 https://registry.npmjs.org/readdirp 105ms (cache miss)
102 silly packumentCache full:https://registry.npmjs.org/readdirp set size:undefined disposed:false
103 http fetch GET 200 https://registry.npmjs.org/braces 129ms (cache revalidated)
104 silly packumentCache full:https://registry.npmjs.org/braces set size:114529 disposed:false
105 http fetch GET 200 https://registry.npmjs.org/brace-expansion 70ms (cache revalidated)
106 silly packumentCache full:https://registry.npmjs.org/brace-expansion set size:46250 disposed:false
107 http fetch GET 200 https://registry.npmjs.org/fsevents 84ms (cache revalidated)
108 silly packumentCache full:https://registry.npmjs.org/fsevents set size:182472 disposed:false
109 http fetch GET 200 https://registry.npmjs.org/has-flag 83ms (cache revalidated)
110 silly packumentCache full:https://registry.npmjs.org/has-flag set size:15180 disposed:false
111 http fetch GET 200 https://registry.npmjs.org/ms 92ms (cache revalidated)
112 silly packumentCache full:https://registry.npmjs.org/ms set size:92208 disposed:false
113 silly placeDep node_modules/nodemon anymatch@3.1.3 OK for: chokidar@3.6.0 want: ~3.1.2
114 silly placeDep node_modules/nodemon braces@3.0.3 OK for: chokidar@3.6.0 want: ~3.0.2
115 silly placeDep node_modules/nodemon fsevents@2.3.3 OK for: chokidar@3.6.0 want: ~2.3.2
116 silly placeDep node_modules/nodemon glob-parent@5.1.2 OK for: chokidar@3.6.0 want: ~5.1.2
117 silly placeDep node_modules/nodemon is-binary-path@2.1.0 OK for: chokidar@3.6.0 want: ~2.1.0
118 silly placeDep node_modules/nodemon is-glob@4.0.3 OK for: chokidar@3.6.0 want: ~4.0.1
119 silly placeDep node_modules/nodemon normalize-path@3.0.0 OK for: chokidar@3.6.0 want: ~3.0.0
120 silly placeDep node_modules/nodemon readdirp@3.6.0 OK for: chokidar@3.6.0 want: ~3.6.0
121 silly fetch manifest picomatch@^2.0.4
122 silly packumentCache full:https://registry.npmjs.org/picomatch cache-miss
123 silly fetch manifest normalize-path@^3.0.0
124 silly packumentCache full:https://registry.npmjs.org/normalize-path cache-miss
125 silly fetch manifest fill-range@^7.1.1
126 silly packumentCache full:https://registry.npmjs.org/fill-range cache-miss
127 silly fetch manifest is-glob@^4.0.1
128 silly packumentCache full:https://registry.npmjs.org/is-glob cache-hit
129 silly fetch manifest binary-extensions@^2.0.0
130 silly packumentCache full:https://registry.npmjs.org/binary-extensions cache-miss
131 silly fetch manifest is-extglob@^2.1.1
132 silly packumentCache full:https://registry.npmjs.org/is-extglob cache-miss
133 silly fetch manifest picomatch@^2.2.1
134 silly packumentCache full:https://registry.npmjs.org/picomatch cache-miss
135 http cache https://registry.npmjs.org/normalize-path 19ms (cache hit)
136 silly packumentCache full:https://registry.npmjs.org/normalize-path set size:28713 disposed:false
137 http fetch GET 200 https://registry.npmjs.org/picomatch 96ms (cache revalidated)
138 silly packumentCache full:https://registry.npmjs.org/picomatch set size:118818 disposed:false
139 http fetch GET 200 https://registry.npmjs.org/is-extglob 99ms (cache revalidated)
140 silly packumentCache full:https://registry.npmjs.org/is-extglob set size:11766 disposed:false
141 http fetch GET 200 https://registry.npmjs.org/binary-extensions 100ms (cache miss)
142 silly packumentCache full:https://registry.npmjs.org/binary-extensions set size:undefined disposed:false
143 http fetch GET 200 https://registry.npmjs.org/picomatch 102ms (cache revalidated)
144 silly packumentCache full:https://registry.npmjs.org/picomatch set size:118818 disposed:false
145 silly packumentCache full:https://registry.npmjs.org/picomatch dispose
146 http fetch GET 200 https://registry.npmjs.org/fill-range 127ms (cache revalidated)
147 silly packumentCache full:https://registry.npmjs.org/fill-range set size:90212 disposed:false
148 silly placeDep node_modules/nodemon picomatch@2.3.1 OK for: anymatch@3.1.3 want: ^2.0.4
149 silly placeDep node_modules/nodemon fill-range@7.1.1 OK for: braces@3.0.3 want: ^7.1.1
150 silly fetch manifest to-regex-range@^5.0.1
151 silly packumentCache full:https://registry.npmjs.org/to-regex-range cache-miss
152 http fetch GET 200 https://registry.npmjs.org/to-regex-range 79ms (cache revalidated)
153 silly packumentCache full:https://registry.npmjs.org/to-regex-range set size:61569 disposed:false
154 silly placeDep node_modules/nodemon ms@2.1.3 OK for: debug@4.4.3 want: ^2.1.3
155 silly placeDep node_modules/nodemon to-regex-range@5.0.1 OK for: fill-range@7.1.1 want: ^5.0.1
156 silly fetch manifest is-number@^7.0.0
157 silly packumentCache full:https://registry.npmjs.org/is-number cache-miss
158 http fetch GET 200 https://registry.npmjs.org/is-number 90ms (cache revalidated)
159 silly packumentCache full:https://registry.npmjs.org/is-number set size:36183 disposed:false
160 silly placeDep node_modules/nodemon binary-extensions@2.3.0 OK for: is-binary-path@2.1.0 want: ^2.0.0
161 silly placeDep node_modules/nodemon is-extglob@2.1.1 OK for: is-glob@4.0.3 want: ^2.1.1
162 silly placeDep node_modules/nodemon brace-expansion@1.1.12 OK for: minimatch@3.1.2 want: ^1.1.7
163 silly fetch manifest balanced-match@^1.0.0
164 silly packumentCache full:https://registry.npmjs.org/balanced-match cache-miss
165 silly fetch manifest concat-map@0.0.1
166 silly packumentCache full:https://registry.npmjs.org/concat-map cache-miss
167 http fetch GET 200 https://registry.npmjs.org/concat-map 82ms (cache revalidated)
168 silly packumentCache full:https://registry.npmjs.org/concat-map set size:9290 disposed:false
169 http fetch GET 200 https://registry.npmjs.org/balanced-match 85ms (cache revalidated)
170 silly packumentCache full:https://registry.npmjs.org/balanced-match set size:33860 disposed:false
171 silly placeDep node_modules/nodemon balanced-match@1.0.2 OK for: brace-expansion@1.1.12 want: ^1.0.0
172 silly placeDep node_modules/nodemon concat-map@0.0.1 OK for: brace-expansion@1.1.12 want: 0.0.1
173 silly placeDep node_modules/nodemon has-flag@3.0.0 OK for: supports-color@5.5.0 want: ^3.0.0
174 silly placeDep node_modules/nodemon is-number@7.0.0 OK for: to-regex-range@5.0.1 want: ^7.0.0
175 silly reify moves {}
176 http cache is-number@https://registry.npmjs.org/is-number/-/is-number-7.0.0.tgz 0ms (cache hit)
177 http cache concat-map@https://registry.npmjs.org/concat-map/-/concat-map-0.0.1.tgz 0ms (cache hit)
178 http cache balanced-match@https://registry.npmjs.org/balanced-match/-/balanced-match-1.0.2.tgz 0ms (cache hit)
179 http cache brace-expansion@https://registry.npmjs.org/brace-expansion/-/brace-expansion-1.1.12.tgz 0ms (cache hit)
180 http cache is-extglob@https://registry.npmjs.org/is-extglob/-/is-extglob-2.1.1.tgz 0ms (cache hit)
181 http cache binary-extensions@https://registry.npmjs.org/binary-extensions/-/binary-extensions-2.3.0.tgz 0ms (cache hit)
182 http cache has-flag@https://registry.npmjs.org/has-flag/-/has-flag-3.0.0.tgz 0ms (cache hit)
183 http cache nodemon@https://registry.npmjs.org/nodemon/-/nodemon-3.1.11.tgz 0ms (cache hit)
184 http cache ms@https://registry.npmjs.org/ms/-/ms-2.1.3.tgz 0ms (cache hit)
185 http cache fill-range@https://registry.npmjs.org/fill-range/-/fill-range-7.1.1.tgz 0ms (cache hit)
186 http cache picomatch@https://registry.npmjs.org/picomatch/-/picomatch-2.3.1.tgz 0ms (cache hit)
187 http cache normalize-path@https://registry.npmjs.org/normalize-path/-/normalize-path-3.0.0.tgz 0ms (cache hit)
188 http cache is-glob@https://registry.npmjs.org/is-glob/-/is-glob-4.0.3.tgz 0ms (cache hit)
189 http cache to-regex-range@https://registry.npmjs.org/to-regex-range/-/to-regex-range-5.0.1.tgz 0ms (cache hit)
190 http cache is-binary-path@https://registry.npmjs.org/is-binary-path/-/is-binary-path-2.1.0.tgz 0ms (cache hit)
191 http cache glob-parent@https://registry.npmjs.org/glob-parent/-/glob-parent-5.1.2.tgz 0ms (cache hit)
192 http cache braces@https://registry.npmjs.org/braces/-/braces-3.0.3.tgz 0ms (cache hit)
193 http cache anymatch@https://registry.npmjs.org/anymatch/-/anymatch-3.1.3.tgz 0ms (cache hit)
194 http cache undefsafe@https://registry.npmjs.org/undefsafe/-/undefsafe-2.0.5.tgz 0ms (cache hit)
195 http cache touch@https://registry.npmjs.org/touch/-/touch-3.1.1.tgz 0ms (cache hit)
196 http cache supports-color@https://registry.npmjs.org/supports-color/-/supports-color-5.5.0.tgz 0ms (cache hit)
197 http cache simple-update-notifier@https://registry.npmjs.org/simple-update-notifier/-/simple-update-notifier-2.0.0.tgz 0ms (cache hit)
198 http cache semver@https://registry.npmjs.org/semver/-/semver-7.7.3.tgz 0ms (cache hit)
199 http cache ignore-by-default@https://registry.npmjs.org/ignore-by-default/-/ignore-by-default-1.0.1.tgz 0ms (cache hit)
200 http cache pstree.remy@https://registry.npmjs.org/pstree.remy/-/pstree.remy-1.1.8.tgz 0ms (cache hit)
201 http cache minimatch@https://registry.npmjs.org/minimatch/-/minimatch-3.1.2.tgz 0ms (cache hit)
202 http cache debug@https://registry.npmjs.org/debug/-/debug-4.4.3.tgz 0ms (cache hit)
203 http cache chokidar@https://registry.npmjs.org/chokidar/-/chokidar-3.6.0.tgz 0ms (cache hit)
204 http cache readdirp@https://registry.npmjs.org/readdirp/-/readdirp-3.6.0.tgz 0ms (cache hit)
205 silly tarball no local data for binary-extensions@https://registry.npmjs.org/binary-extensions/-/binary-extensions-2.3.0.tgz. Extracting by manifest.
206 silly tarball no local data for has-flag@https://registry.npmjs.org/has-flag/-/has-flag-3.0.0.tgz. Extracting by manifest.
207 silly tarball no local data for nodemon@https://registry.npmjs.org/nodemon/-/nodemon-3.1.11.tgz. Extracting by manifest.
208 silly tarball no local data for normalize-path@https://registry.npmjs.org/normalize-path/-/normalize-path-3.0.0.tgz. Extracting by manifest.
209 silly tarball no local data for is-binary-path@https://registry.npmjs.org/is-binary-path/-/is-binary-path-2.1.0.tgz. Extracting by manifest.
210 silly tarball no local data for anymatch@https://registry.npmjs.org/anymatch/-/anymatch-3.1.3.tgz. Extracting by manifest.
211 silly tarball no local data for undefsafe@https://registry.npmjs.org/undefsafe/-/undefsafe-2.0.5.tgz. Extracting by manifest.
212 silly tarball no local data for touch@https://registry.npmjs.org/touch/-/touch-3.1.1.tgz. Extracting by manifest.
213 silly tarball no local data for supports-color@https://registry.npmjs.org/supports-color/-/supports-color-5.5.0.tgz. Extracting by manifest.
214 silly tarball no local data for simple-update-notifier@https://registry.npmjs.org/simple-update-notifier/-/simple-update-notifier-2.0.0.tgz. Extracting by manifest.
215 silly tarball no local data for ignore-by-default@https://registry.npmjs.org/ignore-by-default/-/ignore-by-default-1.0.1.tgz. Extracting by manifest.
216 silly tarball no local data for pstree.remy@https://registry.npmjs.org/pstree.remy/-/pstree.remy-1.1.8.tgz. Extracting by manifest.
217 silly tarball no local data for readdirp@https://registry.npmjs.org/readdirp/-/readdirp-3.6.0.tgz. Extracting by manifest.
218 silly tarball no local data for chokidar@https://registry.npmjs.org/chokidar/-/chokidar-3.6.0.tgz. Extracting by manifest.
219 http fetch GET 200 https://registry.npmjs.org/binary-extensions/-/binary-extensions-2.3.0.tgz 90ms (cache miss)
220 http fetch GET 200 https://registry.npmjs.org/anymatch/-/anymatch-3.1.3.tgz 87ms (cache miss)
221 http fetch GET 200 https://registry.npmjs.org/normalize-path/-/normalize-path-3.0.0.tgz 113ms (cache miss)
222 http fetch GET 200 https://registry.npmjs.org/undefsafe/-/undefsafe-2.0.5.tgz 113ms (cache miss)
223 http fetch GET 200 https://registry.npmjs.org/is-binary-path/-/is-binary-path-2.1.0.tgz 115ms (cache miss)
224 http fetch GET 200 https://registry.npmjs.org/has-flag/-/has-flag-3.0.0.tgz 117ms (cache miss)
225 http fetch GET 200 https://registry.npmjs.org/nodemon/-/nodemon-3.1.11.tgz 128ms (cache miss)
226 http fetch GET 200 https://registry.npmjs.org/ignore-by-default/-/ignore-by-default-1.0.1.tgz 222ms (cache miss)
227 http fetch GET 200 https://registry.npmjs.org/supports-color/-/supports-color-5.5.0.tgz 223ms (cache miss)
228 http fetch GET 200 https://registry.npmjs.org/pstree.remy/-/pstree.remy-1.1.8.tgz 231ms (cache miss)
229 http fetch GET 200 https://registry.npmjs.org/touch/-/touch-3.1.1.tgz 237ms (cache miss)
230 http fetch GET 200 https://registry.npmjs.org/simple-update-notifier/-/simple-update-notifier-2.0.0.tgz 236ms (cache miss)
231 http fetch GET 200 https://registry.npmjs.org/readdirp/-/readdirp-3.6.0.tgz 237ms (cache miss)
232 http fetch GET 200 https://registry.npmjs.org/chokidar/-/chokidar-3.6.0.tgz 238ms (cache miss)
233 silly ADD node_modules/nodemon
234 silly ADD node_modules/nodemon/node_modules/is-number
235 silly ADD node_modules/nodemon/node_modules/has-flag
236 silly ADD node_modules/nodemon/node_modules/concat-map
237 silly ADD node_modules/nodemon/node_modules/balanced-match
238 silly ADD node_modules/nodemon/node_modules/brace-expansion
239 silly ADD node_modules/nodemon/node_modules/is-extglob
240 silly ADD node_modules/nodemon/node_modules/binary-extensions
241 silly ADD node_modules/nodemon/node_modules/to-regex-range
242 silly ADD node_modules/nodemon/node_modules/ms
243 silly ADD node_modules/nodemon/node_modules/fill-range
244 silly ADD node_modules/nodemon/node_modules/picomatch
245 silly ADD node_modules/nodemon/node_modules/readdirp
246 silly ADD node_modules/nodemon/node_modules/normalize-path
247 silly ADD node_modules/nodemon/node_modules/is-glob
248 silly ADD node_modules/nodemon/node_modules/is-binary-path
249 silly ADD node_modules/nodemon/node_modules/glob-parent
250 silly ADD node_modules/nodemon/node_modules/braces
251 silly ADD node_modules/nodemon/node_modules/anymatch
252 silly ADD node_modules/nodemon/node_modules/undefsafe
253 silly ADD node_modules/nodemon/node_modules/touch
254 silly ADD node_modules/nodemon/node_modules/supports-color
255 silly ADD node_modules/nodemon/node_modules/simple-update-notifier
256 silly ADD node_modules/nodemon/node_modules/semver
257 silly ADD node_modules/nodemon/node_modules/pstree.remy
258 silly ADD node_modules/nodemon/node_modules/minimatch
259 silly ADD node_modules/nodemon/node_modules/ignore-by-default
260 silly ADD node_modules/nodemon/node_modules/debug
261 silly ADD node_modules/nodemon/node_modules/chokidar
262 verbose cwd /data/data/com.termux/files/home/ai-validasi-ide/backend
263 verbose os Linux 6.1.99-android14-11-30958380-abS928BXXS4BYEB
264 verbose node v24.11.1
265 verbose npm  v11.6.2
266 verbose exit 0
267 info ok
