0 verbose cli /data/data/com.termux/files/usr/bin/node /data/data/com.termux/files/usr/bin/npm
1 info using npm@11.6.2
2 info using node@v24.11.1
3 silly config load:file:/data/data/com.termux/files/usr/lib/node_modules/npm/npmrc
4 silly config load:file:/data/data/com.termux/files/home/ai-validasi-ide/backend/.npmrc
5 silly config load:file:/data/data/com.termux/files/home/.npmrc
6 silly config load:file:/data/data/com.termux/files/usr/etc/npmrc
7 verbose title npm install express cors
8 verbose argv "install" "express" "cors"
9 verbose logfile logs-max:10 dir:/data/data/com.termux/files/home/.npm/_logs/2025-12-13T06_49_00_389Z-
10 verbose logfile /data/data/com.termux/files/home/.npm/_logs/2025-12-13T06_49_00_389Z-debug-0.log
11 silly logfile start cleaning logs, removing 1 files
12 silly packumentCache heap:1174405120 maxSize:293601280 maxEntrySize:146800640
13 silly logfile done cleaning log files
14 silly idealTree buildDeps
15 silly fetch manifest express@*
16 silly packumentCache full:https://registry.npmjs.org/express cache-miss
17 http fetch GET 200 https://registry.npmjs.org/express 395ms (cache miss)
18 silly packumentCache full:https://registry.npmjs.org/express set size:undefined disposed:false
19 silly fetch manifest cors@*
20 silly packumentCache full:https://registry.npmjs.org/cors cache-miss
21 http fetch GET 200 https://registry.npmjs.org/cors 99ms (cache miss)
22 silly packumentCache full:https://registry.npmjs.org/cors set size:undefined disposed:false
23 silly placeDep ROOT cors@2.8.5 OK for: backend@1.0.0 want: *
24 silly placeDep ROOT express@5.2.1 OK for: backend@1.0.0 want: *
25 silly fetch manifest vary@^1
26 silly packumentCache full:https://registry.npmjs.org/vary cache-miss
27 silly fetch manifest object-assign@^4
28 silly packumentCache full:https://registry.npmjs.org/object-assign cache-miss
29 silly fetch manifest qs@^6.14.0
30 silly packumentCache full:https://registry.npmjs.org/qs cache-miss
31 silly fetch manifest depd@^2.0.0
32 silly packumentCache full:https://registry.npmjs.org/depd cache-miss
33 silly fetch manifest etag@^1.8.1
34 silly packumentCache full:https://registry.npmjs.org/etag cache-miss
35 silly fetch manifest once@^1.4.0
36 silly packumentCache full:https://registry.npmjs.org/once cache-miss
37 silly fetch manifest send@^1.1.0
38 silly packumentCache full:https://registry.npmjs.org/send cache-miss
39 http fetch GET 200 https://registry.npmjs.org/depd 74ms (cache miss)
40 silly packumentCache full:https://registry.npmjs.org/depd set size:undefined disposed:false
41 silly fetch manifest vary@^1.1.2
42 silly packumentCache full:https://registry.npmjs.org/vary cache-miss
43 http fetch GET 200 https://registry.npmjs.org/vary 96ms (cache miss)
44 silly packumentCache full:https://registry.npmjs.org/vary set size:undefined disposed:false
45 silly fetch manifest debug@^4.4.0
46 silly packumentCache full:https://registry.npmjs.org/debug cache-miss
47 http fetch GET 200 https://registry.npmjs.org/etag 192ms (cache miss)
48 silly packumentCache full:https://registry.npmjs.org/etag set size:undefined disposed:false
49 silly fetch manifest fresh@^2.0.0
50 silly packumentCache full:https://registry.npmjs.org/fresh cache-miss
51 http fetch GET 200 https://registry.npmjs.org/object-assign 243ms (cache revalidated)
52 silly packumentCache full:https://registry.npmjs.org/object-assign set size:28988 disposed:false
53 silly fetch manifest cookie@^0.7.1
54 silly packumentCache full:https://registry.npmjs.org/cookie cache-miss
55 http fetch GET 200 https://registry.npmjs.org/vary 251ms (cache miss)
56 silly packumentCache full:https://registry.npmjs.org/vary set size:undefined disposed:false
57 silly fetch manifest router@^2.2.0
58 silly packumentCache full:https://registry.npmjs.org/router cache-miss
59 http fetch GET 200 https://registry.npmjs.org/qs 251ms (cache miss)
60 silly packumentCache full:https://registry.npmjs.org/qs set size:undefined disposed:false
61 silly fetch manifest accepts@^2.0.0
62 silly packumentCache full:https://registry.npmjs.org/accepts cache-miss
63 http fetch GET 200 https://registry.npmjs.org/send 255ms (cache miss)
64 silly packumentCache full:https://registry.npmjs.org/send set size:undefined disposed:false
65 silly fetch manifest type-is@^2.0.1
66 silly packumentCache full:https://registry.npmjs.org/type-is cache-miss
67 http fetch GET 200 https://registry.npmjs.org/once 265ms (cache miss)
68 silly packumentCache full:https://registry.npmjs.org/once set size:undefined disposed:false
69 silly fetch manifest parseurl@^1.3.3
70 silly packumentCache full:https://registry.npmjs.org/parseurl cache-miss
71 http fetch GET 200 https://registry.npmjs.org/fresh 75ms (cache miss)
72 silly packumentCache full:https://registry.npmjs.org/fresh set size:undefined disposed:false
73 silly fetch manifest statuses@^2.0.1
74 silly packumentCache full:https://registry.npmjs.org/statuses cache-miss
75 http fetch GET 200 https://registry.npmjs.org/debug 128ms (cache revalidated)
76 silly packumentCache full:https://registry.npmjs.org/debug set size:195840 disposed:false
77 silly fetch manifest encodeurl@^2.0.0
78 silly packumentCache full:https://registry.npmjs.org/encodeurl cache-miss
79 http fetch GET 200 https://registry.npmjs.org/cookie 87ms (cache miss)
80 silly packumentCache full:https://registry.npmjs.org/cookie set size:undefined disposed:false
81 silly fetch manifest mime-types@^3.0.0
82 silly packumentCache full:https://registry.npmjs.org/mime-types cache-miss
83 http fetch GET 200 https://registry.npmjs.org/accepts 101ms (cache miss)
84 silly packumentCache full:https://registry.npmjs.org/accepts set size:undefined disposed:false
85 silly fetch manifest proxy-addr@^2.0.7
86 silly packumentCache full:https://registry.npmjs.org/proxy-addr cache-miss
87 http fetch GET 200 https://registry.npmjs.org/parseurl 97ms (cache miss)
88 silly packumentCache full:https://registry.npmjs.org/parseurl set size:undefined disposed:false
89 silly fetch manifest body-parser@^2.2.1
90 silly packumentCache full:https://registry.npmjs.org/body-parser cache-miss
91 http fetch GET 200 https://registry.npmjs.org/statuses 94ms (cache miss)
92 silly packumentCache full:https://registry.npmjs.org/statuses set size:undefined disposed:false
93 silly fetch manifest escape-html@^1.0.3
94 silly packumentCache full:https://registry.npmjs.org/escape-html cache-miss
95 http fetch GET 200 https://registry.npmjs.org/type-is 109ms (cache miss)
96 silly packumentCache full:https://registry.npmjs.org/type-is set size:undefined disposed:false
97 silly fetch manifest http-errors@^2.0.0
98 silly packumentCache full:https://registry.npmjs.org/http-errors cache-miss
99 http fetch GET 200 https://registry.npmjs.org/router 124ms (cache miss)
100 silly packumentCache full:https://registry.npmjs.org/router set size:undefined disposed:false
101 silly fetch manifest on-finished@^2.4.1
102 silly packumentCache full:https://registry.npmjs.org/on-finished cache-miss
103 http fetch GET 200 https://registry.npmjs.org/encodeurl 71ms (cache miss)
104 silly packumentCache full:https://registry.npmjs.org/encodeurl set size:undefined disposed:false
105 silly fetch manifest content-type@^1.0.5
106 silly packumentCache full:https://registry.npmjs.org/content-type cache-miss
107 http fetch GET 200 https://registry.npmjs.org/proxy-addr 90ms (cache miss)
108 silly packumentCache full:https://registry.npmjs.org/proxy-addr set size:undefined disposed:false
109 silly fetch manifest finalhandler@^2.1.0
110 silly packumentCache full:https://registry.npmjs.org/finalhandler cache-miss
111 http fetch GET 200 https://registry.npmjs.org/mime-types 114ms (cache miss)
112 silly packumentCache full:https://registry.npmjs.org/mime-types set size:undefined disposed:false
113 silly fetch manifest range-parser@^1.2.1
114 silly packumentCache full:https://registry.npmjs.org/range-parser cache-miss
115 http fetch GET 200 https://registry.npmjs.org/escape-html 95ms (cache miss)
116 silly packumentCache full:https://registry.npmjs.org/escape-html set size:undefined disposed:false
117 silly fetch manifest serve-static@^2.2.0
118 silly packumentCache full:https://registry.npmjs.org/serve-static cache-miss
119 http fetch GET 200 https://registry.npmjs.org/on-finished 99ms (cache miss)
120 silly packumentCache full:https://registry.npmjs.org/on-finished set size:undefined disposed:false
121 silly fetch manifest cookie-signature@^1.2.1
122 silly packumentCache full:https://registry.npmjs.org/cookie-signature cache-miss
123 http fetch GET 200 https://registry.npmjs.org/body-parser 116ms (cache miss)
124 silly packumentCache full:https://registry.npmjs.org/body-parser set size:undefined disposed:false
125 silly fetch manifest merge-descriptors@^2.0.0
126 silly packumentCache full:https://registry.npmjs.org/merge-descriptors cache-miss
127 http fetch GET 200 https://registry.npmjs.org/content-type 106ms (cache miss)
128 silly packumentCache full:https://registry.npmjs.org/content-type set size:undefined disposed:false
129 silly fetch manifest content-disposition@^1.0.0
130 silly packumentCache full:https://registry.npmjs.org/content-disposition cache-miss
131 http fetch GET 200 https://registry.npmjs.org/http-errors 127ms (cache miss)
132 silly packumentCache full:https://registry.npmjs.org/http-errors set size:undefined disposed:false
133 http fetch GET 200 https://registry.npmjs.org/serve-static 93ms (cache miss)
134 silly packumentCache full:https://registry.npmjs.org/serve-static set size:undefined disposed:false
135 http fetch GET 200 https://registry.npmjs.org/range-parser 106ms (cache miss)
136 silly packumentCache full:https://registry.npmjs.org/range-parser set size:undefined disposed:false
137 http fetch GET 200 https://registry.npmjs.org/finalhandler 111ms (cache miss)
138 silly packumentCache full:https://registry.npmjs.org/finalhandler set size:undefined disposed:false
139 http fetch GET 200 https://registry.npmjs.org/cookie-signature 90ms (cache miss)
140 silly packumentCache full:https://registry.npmjs.org/cookie-signature set size:undefined disposed:false
141 http fetch GET 200 https://registry.npmjs.org/merge-descriptors 84ms (cache miss)
142 silly packumentCache full:https://registry.npmjs.org/merge-descriptors set size:undefined disposed:false
143 http fetch GET 200 https://registry.npmjs.org/content-disposition 105ms (cache miss)
144 silly packumentCache full:https://registry.npmjs.org/content-disposition set size:undefined disposed:false
145 silly placeDep ROOT object-assign@4.1.1 OK for: cors@2.8.5 want: ^4
146 silly placeDep ROOT vary@1.1.2 OK for: cors@2.8.5 want: ^1
147 silly placeDep ROOT accepts@2.0.0 OK for: express@5.2.1 want: ^2.0.0
148 silly placeDep ROOT body-parser@2.2.1 OK for: express@5.2.1 want: ^2.2.1
149 silly placeDep ROOT content-disposition@1.0.1 OK for: express@5.2.1 want: ^1.0.0
150 silly placeDep ROOT content-type@1.0.5 OK for: express@5.2.1 want: ^1.0.5
151 silly placeDep ROOT cookie@0.7.2 OK for: express@5.2.1 want: ^0.7.1
152 silly placeDep ROOT cookie-signature@1.2.2 OK for: express@5.2.1 want: ^1.2.1
153 silly placeDep ROOT debug@4.4.3 OK for: express@5.2.1 want: ^4.4.0
154 silly placeDep ROOT depd@2.0.0 OK for: express@5.2.1 want: ^2.0.0
155 silly placeDep ROOT encodeurl@2.0.0 OK for: express@5.2.1 want: ^2.0.0
156 silly placeDep ROOT escape-html@1.0.3 OK for: express@5.2.1 want: ^1.0.3
157 silly placeDep ROOT etag@1.8.1 OK for: express@5.2.1 want: ^1.8.1
158 silly placeDep ROOT finalhandler@2.1.1 OK for: express@5.2.1 want: ^2.1.0
159 silly placeDep ROOT fresh@2.0.0 OK for: express@5.2.1 want: ^2.0.0
160 silly placeDep ROOT http-errors@2.0.1 OK for: express@5.2.1 want: ^2.0.0
161 silly placeDep ROOT merge-descriptors@2.0.0 OK for: express@5.2.1 want: ^2.0.0
162 silly placeDep ROOT mime-types@3.0.2 OK for: express@5.2.1 want: ^3.0.0
163 silly placeDep ROOT on-finished@2.4.1 OK for: express@5.2.1 want: ^2.4.1
164 silly placeDep ROOT once@1.4.0 OK for: express@5.2.1 want: ^1.4.0
165 silly placeDep ROOT parseurl@1.3.3 OK for: express@5.2.1 want: ^1.3.3
166 silly placeDep ROOT proxy-addr@2.0.7 OK for: express@5.2.1 want: ^2.0.7
167 silly placeDep ROOT qs@6.14.0 OK for: express@5.2.1 want: ^6.14.0
168 silly placeDep ROOT range-parser@1.2.1 OK for: express@5.2.1 want: ^1.2.1
169 silly placeDep ROOT router@2.2.0 OK for: express@5.2.1 want: ^2.2.0
170 silly placeDep ROOT send@1.2.0 OK for: express@5.2.1 want: ^1.1.0
171 silly placeDep ROOT serve-static@2.2.0 OK for: express@5.2.1 want: ^2.2.0
172 silly placeDep ROOT statuses@2.0.2 OK for: express@5.2.1 want: ^2.0.1
173 silly placeDep ROOT type-is@2.0.1 OK for: express@5.2.1 want: ^2.0.1
174 silly fetch manifest negotiator@^1.0.0
175 silly packumentCache full:https://registry.npmjs.org/negotiator cache-miss
176 silly fetch manifest bytes@^3.1.2
177 silly packumentCache full:https://registry.npmjs.org/bytes cache-miss
178 silly fetch manifest debug@^4.4.3
179 silly packumentCache full:https://registry.npmjs.org/debug cache-hit
180 silly fetch manifest raw-body@^3.0.1
181 silly packumentCache full:https://registry.npmjs.org/raw-body cache-miss
182 silly fetch manifest iconv-lite@^0.7.0
183 silly packumentCache full:https://registry.npmjs.org/iconv-lite cache-miss
184 silly fetch manifest ms@^2.1.3
185 silly packumentCache full:https://registry.npmjs.org/ms cache-miss
186 silly fetch manifest inherits@~2.0.4
187 silly packumentCache full:https://registry.npmjs.org/inherits cache-miss
188 silly fetch manifest setprototypeof@~1.2.0
189 silly packumentCache full:https://registry.npmjs.org/setprototypeof cache-miss
190 http fetch GET 200 https://registry.npmjs.org/ms 114ms (cache revalidated)
191 silly packumentCache full:https://registry.npmjs.org/ms set size:92208 disposed:false
192 silly fetch manifest statuses@~2.0.2
193 silly packumentCache full:https://registry.npmjs.org/statuses cache-miss
194 http fetch GET 200 https://registry.npmjs.org/bytes 125ms (cache miss)
195 silly packumentCache full:https://registry.npmjs.org/bytes set size:undefined disposed:false
196 silly fetch manifest toidentifier@~1.0.1
197 silly packumentCache full:https://registry.npmjs.org/toidentifier cache-miss
198 http fetch GET 200 https://registry.npmjs.org/setprototypeof 123ms (cache miss)
199 silly packumentCache full:https://registry.npmjs.org/setprototypeof set size:undefined disposed:false
200 silly fetch manifest mime-db@^1.54.0
201 silly packumentCache full:https://registry.npmjs.org/mime-db cache-miss
202 http fetch GET 200 https://registry.npmjs.org/inherits 125ms (cache miss)
203 silly packumentCache full:https://registry.npmjs.org/inherits set size:undefined disposed:false
204 silly fetch manifest ee-first@1.1.1
205 silly packumentCache full:https://registry.npmjs.org/ee-first cache-miss
206 http fetch GET 200 https://registry.npmjs.org/negotiator 134ms (cache miss)
207 silly packumentCache full:https://registry.npmjs.org/negotiator set size:undefined disposed:false
208 silly fetch manifest wrappy@1
209 silly packumentCache full:https://registry.npmjs.org/wrappy cache-miss
210 http fetch GET 200 https://registry.npmjs.org/raw-body 136ms (cache miss)
211 silly packumentCache full:https://registry.npmjs.org/raw-body set size:undefined disposed:false
212 silly fetch manifest forwarded@0.2.0
213 silly packumentCache full:https://registry.npmjs.org/forwarded cache-miss
214 http fetch GET 200 https://registry.npmjs.org/iconv-lite 138ms (cache miss)
215 silly packumentCache full:https://registry.npmjs.org/iconv-lite set size:undefined disposed:false
216 silly fetch manifest ipaddr.js@1.9.1
217 silly packumentCache full:https://registry.npmjs.org/ipaddr.js cache-miss
218 http cache https://registry.npmjs.org/statuses 23ms (cache hit)
219 silly packumentCache full:https://registry.npmjs.org/statuses set size:37117 disposed:false
220 silly fetch manifest side-channel@^1.1.0
221 silly packumentCache full:https://registry.npmjs.org/side-channel cache-miss
222 http fetch GET 200 https://registry.npmjs.org/toidentifier 98ms (cache miss)
223 silly packumentCache full:https://registry.npmjs.org/toidentifier set size:undefined disposed:false
224 silly fetch manifest is-promise@^4.0.0
225 silly packumentCache full:https://registry.npmjs.org/is-promise cache-miss
226 http fetch GET 200 https://registry.npmjs.org/wrappy 92ms (cache miss)
227 silly packumentCache full:https://registry.npmjs.org/wrappy set size:undefined disposed:false
228 silly fetch manifest path-to-regexp@^8.0.0
229 silly packumentCache full:https://registry.npmjs.org/path-to-regexp cache-miss
230 http fetch GET 200 https://registry.npmjs.org/side-channel 87ms (cache revalidated)
231 silly packumentCache full:https://registry.npmjs.org/side-channel set size:24660 disposed:false
232 silly fetch manifest media-typer@^1.1.0
233 silly packumentCache full:https://registry.npmjs.org/media-typer cache-miss
234 http fetch GET 200 https://registry.npmjs.org/mime-db 107ms (cache miss)
235 silly packumentCache full:https://registry.npmjs.org/mime-db set size:undefined disposed:false
236 http fetch GET 200 https://registry.npmjs.org/ee-first 108ms (cache miss)
237 silly packumentCache full:https://registry.npmjs.org/ee-first set size:undefined disposed:false
238 http fetch GET 200 https://registry.npmjs.org/ipaddr.js 96ms (cache miss)
239 silly packumentCache full:https://registry.npmjs.org/ipaddr.js set size:undefined disposed:false
240 http fetch GET 200 https://registry.npmjs.org/forwarded 101ms (cache miss)
241 silly packumentCache full:https://registry.npmjs.org/forwarded set size:undefined disposed:false
242 http fetch GET 200 https://registry.npmjs.org/is-promise 63ms (cache miss)
243 silly packumentCache full:https://registry.npmjs.org/is-promise set size:undefined disposed:false
244 http fetch GET 200 https://registry.npmjs.org/path-to-regexp 98ms (cache miss)
245 silly packumentCache full:https://registry.npmjs.org/path-to-regexp set size:undefined disposed:false
246 http fetch GET 200 https://registry.npmjs.org/media-typer 101ms (cache miss)
247 silly packumentCache full:https://registry.npmjs.org/media-typer set size:undefined disposed:false
248 silly placeDep ROOT negotiator@1.0.0 OK for: accepts@2.0.0 want: ^1.0.0
249 silly placeDep ROOT bytes@3.1.2 OK for: body-parser@2.2.1 want: ^3.1.2
250 silly placeDep ROOT iconv-lite@0.7.1 OK for: body-parser@2.2.1 want: ^0.7.0
251 silly placeDep ROOT raw-body@3.0.2 OK for: body-parser@2.2.1 want: ^3.0.1
252 silly fetch manifest safer-buffer@>= 2.1.2 < 3.0.0
253 silly packumentCache full:https://registry.npmjs.org/safer-buffer cache-miss
254 silly fetch manifest unpipe@~1.0.0
255 silly packumentCache full:https://registry.npmjs.org/unpipe cache-miss
256 http fetch GET 200 https://registry.npmjs.org/unpipe 74ms (cache miss)
257 silly packumentCache full:https://registry.npmjs.org/unpipe set size:undefined disposed:false
258 http fetch GET 200 https://registry.npmjs.org/safer-buffer 103ms (cache miss)
259 silly packumentCache full:https://registry.npmjs.org/safer-buffer set size:undefined disposed:false
260 silly placeDep ROOT ms@2.1.3 OK for: debug@4.4.3 want: ^2.1.3
261 silly placeDep ROOT inherits@2.0.4 OK for: http-errors@2.0.1 want: ~2.0.4
262 silly placeDep ROOT setprototypeof@1.2.0 OK for: http-errors@2.0.1 want: ~1.2.0
263 silly placeDep ROOT toidentifier@1.0.1 OK for: http-errors@2.0.1 want: ~1.0.1
264 silly placeDep ROOT safer-buffer@2.1.2 OK for: iconv-lite@0.7.1 want: >= 2.1.2 < 3.0.0
265 silly placeDep ROOT mime-db@1.54.0 OK for: mime-types@3.0.2 want: ^1.54.0
266 silly placeDep ROOT ee-first@1.1.1 OK for: on-finished@2.4.1 want: 1.1.1
267 silly placeDep ROOT wrappy@1.0.2 OK for: once@1.4.0 want: 1
268 silly placeDep ROOT forwarded@0.2.0 OK for: proxy-addr@2.0.7 want: 0.2.0
269 silly placeDep ROOT ipaddr.js@1.9.1 OK for: proxy-addr@2.0.7 want: 1.9.1
270 silly placeDep ROOT side-channel@1.1.0 OK for: qs@6.14.0 want: ^1.1.0
271 silly fetch manifest es-errors@^1.3.0
272 silly packumentCache full:https://registry.npmjs.org/es-errors cache-miss
273 silly fetch manifest object-inspect@^1.13.3
274 silly packumentCache full:https://registry.npmjs.org/object-inspect cache-miss
275 silly fetch manifest side-channel-list@^1.0.0
276 silly packumentCache full:https://registry.npmjs.org/side-channel-list cache-miss
277 silly fetch manifest side-channel-map@^1.0.1
278 silly packumentCache full:https://registry.npmjs.org/side-channel-map cache-miss
279 silly fetch manifest side-channel-weakmap@^1.0.2
280 silly packumentCache full:https://registry.npmjs.org/side-channel-weakmap cache-miss
281 http fetch GET 200 https://registry.npmjs.org/side-channel-map 91ms (cache revalidated)
282 silly packumentCache full:https://registry.npmjs.org/side-channel-map set size:9126 disposed:false
283 http fetch GET 200 https://registry.npmjs.org/object-inspect 96ms (cache revalidated)
284 silly packumentCache full:https://registry.npmjs.org/object-inspect set size:101912 disposed:false
285 http fetch GET 200 https://registry.npmjs.org/es-errors 115ms (cache revalidated)
286 silly packumentCache full:https://registry.npmjs.org/es-errors set size:16918 disposed:false
287 http fetch GET 200 https://registry.npmjs.org/side-channel-list 116ms (cache revalidated)
288 silly packumentCache full:https://registry.npmjs.org/side-channel-list set size:6005 disposed:false
289 http fetch GET 200 https://registry.npmjs.org/side-channel-weakmap 116ms (cache revalidated)
290 silly packumentCache full:https://registry.npmjs.org/side-channel-weakmap set size:12620 disposed:false
291 silly placeDep ROOT unpipe@1.0.0 OK for: raw-body@3.0.2 want: ~1.0.0
292 silly placeDep ROOT is-promise@4.0.0 OK for: router@2.2.0 want: ^4.0.0
293 silly placeDep ROOT path-to-regexp@8.3.0 OK for: router@2.2.0 want: ^8.0.0
294 silly placeDep ROOT es-errors@1.3.0 OK for: side-channel@1.1.0 want: ^1.3.0
295 silly placeDep ROOT object-inspect@1.13.4 OK for: side-channel@1.1.0 want: ^1.13.3
296 silly placeDep ROOT side-channel-list@1.0.0 OK for: side-channel@1.1.0 want: ^1.0.0
297 silly placeDep ROOT side-channel-map@1.0.1 OK for: side-channel@1.1.0 want: ^1.0.1
298 silly placeDep ROOT side-channel-weakmap@1.0.2 OK for: side-channel@1.1.0 want: ^1.0.2
299 silly fetch manifest call-bound@^1.0.2
300 silly packumentCache full:https://registry.npmjs.org/call-bound cache-miss
301 silly fetch manifest get-intrinsic@^1.2.5
302 silly packumentCache full:https://registry.npmjs.org/get-intrinsic cache-miss
303 silly fetch manifest call-bound@^1.0.2
304 silly packumentCache full:https://registry.npmjs.org/call-bound cache-miss
305 silly fetch manifest get-intrinsic@^1.2.5
306 silly packumentCache full:https://registry.npmjs.org/get-intrinsic cache-miss
307 http fetch GET 200 https://registry.npmjs.org/call-bound 86ms (cache revalidated)
308 silly packumentCache full:https://registry.npmjs.org/call-bound set size:15317 disposed:false
309 http fetch GET 200 https://registry.npmjs.org/get-intrinsic 90ms (cache revalidated)
310 silly packumentCache full:https://registry.npmjs.org/get-intrinsic set size:60985 disposed:false
311 http fetch GET 200 https://registry.npmjs.org/call-bound 104ms (cache revalidated)
312 silly packumentCache full:https://registry.npmjs.org/call-bound set size:15317 disposed:false
313 silly packumentCache full:https://registry.npmjs.org/call-bound dispose
314 http fetch GET 200 https://registry.npmjs.org/get-intrinsic 106ms (cache revalidated)
315 silly packumentCache full:https://registry.npmjs.org/get-intrinsic set size:60985 disposed:false
316 silly packumentCache full:https://registry.npmjs.org/get-intrinsic dispose
317 silly placeDep ROOT call-bound@1.0.4 OK for: side-channel-map@1.0.1 want: ^1.0.2
318 silly placeDep ROOT get-intrinsic@1.3.0 OK for: side-channel-map@1.0.1 want: ^1.2.5
319 silly fetch manifest call-bind-apply-helpers@^1.0.2
320 silly packumentCache full:https://registry.npmjs.org/call-bind-apply-helpers cache-miss
321 silly fetch manifest get-intrinsic@^1.3.0
322 silly packumentCache full:https://registry.npmjs.org/get-intrinsic cache-hit
323 silly fetch manifest gopd@^1.2.0
324 silly packumentCache full:https://registry.npmjs.org/gopd cache-miss
325 silly fetch manifest hasown@^2.0.2
326 silly packumentCache full:https://registry.npmjs.org/hasown cache-miss
327 silly fetch manifest get-proto@^1.0.1
328 silly packumentCache full:https://registry.npmjs.org/get-proto cache-miss
329 silly fetch manifest has-symbols@^1.1.0
330 silly packumentCache full:https://registry.npmjs.org/has-symbols cache-miss
331 silly fetch manifest function-bind@^1.1.2
332 silly packumentCache full:https://registry.npmjs.org/function-bind cache-miss
333 silly fetch manifest es-object-atoms@^1.1.1
334 silly packumentCache full:https://registry.npmjs.org/es-object-atoms cache-miss
335 http fetch GET 200 https://registry.npmjs.org/function-bind 99ms (cache revalidated)
336 silly packumentCache full:https://registry.npmjs.org/function-bind set size:15733 disposed:false
337 silly fetch manifest math-intrinsics@^1.1.0
338 silly packumentCache full:https://registry.npmjs.org/math-intrinsics cache-miss
339 http fetch GET 200 https://registry.npmjs.org/get-proto 105ms (cache revalidated)
340 silly packumentCache full:https://registry.npmjs.org/get-proto set size:8300 disposed:false
341 silly fetch manifest es-define-property@^1.0.1
342 silly packumentCache full:https://registry.npmjs.org/es-define-property cache-miss
343 http fetch GET 200 https://registry.npmjs.org/gopd 109ms (cache revalidated)
344 silly packumentCache full:https://registry.npmjs.org/gopd set size:11458 disposed:false
345 silly fetch manifest call-bind-apply-helpers@^1.0.2
346 silly packumentCache full:https://registry.npmjs.org/call-bind-apply-helpers cache-miss
347 http fetch GET 200 https://registry.npmjs.org/call-bind-apply-helpers 116ms (cache revalidated)
348 silly packumentCache full:https://registry.npmjs.org/call-bind-apply-helpers set size:12744 disposed:false
349 http fetch GET 200 https://registry.npmjs.org/hasown 116ms (cache revalidated)
350 silly packumentCache full:https://registry.npmjs.org/hasown set size:12476 disposed:false
351 http fetch GET 200 https://registry.npmjs.org/has-symbols 116ms (cache revalidated)
352 silly packumentCache full:https://registry.npmjs.org/has-symbols set size:21550 disposed:false
353 http cache https://registry.npmjs.org/call-bind-apply-helpers 12ms (cache hit)
354 silly packumentCache full:https://registry.npmjs.org/call-bind-apply-helpers set size:12744 disposed:false
355 silly packumentCache full:https://registry.npmjs.org/call-bind-apply-helpers dispose
356 http fetch GET 200 https://registry.npmjs.org/es-object-atoms 123ms (cache revalidated)
357 silly packumentCache full:https://registry.npmjs.org/es-object-atoms set size:15304 disposed:false
358 http fetch GET 200 https://registry.npmjs.org/es-define-property 106ms (cache revalidated)
359 silly packumentCache full:https://registry.npmjs.org/es-define-property set size:8542 disposed:false
360 http fetch GET 200 https://registry.npmjs.org/math-intrinsics 113ms (cache revalidated)
361 silly packumentCache full:https://registry.npmjs.org/math-intrinsics set size:9265 disposed:false
362 silly placeDep ROOT call-bind-apply-helpers@1.0.2 OK for: call-bound@1.0.4 want: ^1.0.2
363 silly placeDep ROOT function-bind@1.1.2 OK for: call-bind-apply-helpers@1.0.2 want: ^1.1.2
364 silly placeDep ROOT es-define-property@1.0.1 OK for: get-intrinsic@1.3.0 want: ^1.0.1
365 silly placeDep ROOT es-object-atoms@1.1.1 OK for: get-intrinsic@1.3.0 want: ^1.1.1
366 silly placeDep ROOT get-proto@1.0.1 OK for: get-intrinsic@1.3.0 want: ^1.0.1
367 silly placeDep ROOT gopd@1.2.0 OK for: get-intrinsic@1.3.0 want: ^1.2.0
368 silly placeDep ROOT has-symbols@1.1.0 OK for: get-intrinsic@1.3.0 want: ^1.1.0
369 silly placeDep ROOT hasown@2.0.2 OK for: get-intrinsic@1.3.0 want: ^2.0.2
370 silly placeDep ROOT math-intrinsics@1.1.0 OK for: get-intrinsic@1.3.0 want: ^1.1.0
371 silly fetch manifest dunder-proto@^1.0.1
372 silly packumentCache full:https://registry.npmjs.org/dunder-proto cache-miss
373 http fetch GET 200 https://registry.npmjs.org/dunder-proto 86ms (cache revalidated)
374 silly packumentCache full:https://registry.npmjs.org/dunder-proto set size:8256 disposed:false
375 silly placeDep ROOT dunder-proto@1.0.1 OK for: get-proto@1.0.1 want: ^1.0.1
376 silly placeDep ROOT media-typer@1.1.0 OK for: type-is@2.0.1 want: ^1.1.0
377 silly reify moves {}
378 silly audit bulk request {
378 silly audit   cors: [ '2.8.5' ],
378 silly audit   express: [ '5.2.1' ],
378 silly audit   'object-assign': [ '4.1.1' ],
378 silly audit   vary: [ '1.1.2' ],
378 silly audit   accepts: [ '2.0.0' ],
378 silly audit   'body-parser': [ '2.2.1' ],
378 silly audit   'content-disposition': [ '1.0.1' ],
378 silly audit   'content-type': [ '1.0.5' ],
378 silly audit   cookie: [ '0.7.2' ],
378 silly audit   'cookie-signature': [ '1.2.2' ],
378 silly audit   debug: [ '4.4.3' ],
378 silly audit   depd: [ '2.0.0' ],
378 silly audit   encodeurl: [ '2.0.0' ],
378 silly audit   'escape-html': [ '1.0.3' ],
378 silly audit   etag: [ '1.8.1' ],
378 silly audit   finalhandler: [ '2.1.1' ],
378 silly audit   fresh: [ '2.0.0' ],
378 silly audit   'http-errors': [ '2.0.1' ],
378 silly audit   'merge-descriptors': [ '2.0.0' ],
378 silly audit   'mime-types': [ '3.0.2' ],
378 silly audit   'on-finished': [ '2.4.1' ],
378 silly audit   once: [ '1.4.0' ],
378 silly audit   parseurl: [ '1.3.3' ],
378 silly audit   'proxy-addr': [ '2.0.7' ],
378 silly audit   qs: [ '6.14.0' ],
378 silly audit   'range-parser': [ '1.2.1' ],
378 silly audit   router: [ '2.2.0' ],
378 silly audit   send: [ '1.2.0' ],
378 silly audit   'serve-static': [ '2.2.0' ],
378 silly audit   statuses: [ '2.0.2' ],
378 silly audit   'type-is': [ '2.0.1' ],
378 silly audit   negotiator: [ '1.0.0' ],
378 silly audit   bytes: [ '3.1.2' ],
378 silly audit   'iconv-lite': [ '0.7.1' ],
378 silly audit   'raw-body': [ '3.0.2' ],
378 silly audit   ms: [ '2.1.3' ],
378 silly audit   inherits: [ '2.0.4' ],
378 silly audit   setprototypeof: [ '1.2.0' ],
378 silly audit   toidentifier: [ '1.0.1' ],
378 silly audit   'safer-buffer': [ '2.1.2' ],
378 silly audit   'mime-db': [ '1.54.0' ],
378 silly audit   'ee-first': [ '1.1.1' ],
378 silly audit   wrappy: [ '1.0.2' ],
378 silly audit   forwarded: [ '0.2.0' ],
378 silly audit   'ipaddr.js': [ '1.9.1' ],
378 silly audit   'side-channel': [ '1.1.0' ],
378 silly audit   unpipe: [ '1.0.0' ],
378 silly audit   'is-promise': [ '4.0.0' ],
378 silly audit   'path-to-regexp': [ '8.3.0' ],
378 silly audit   'es-errors': [ '1.3.0' ],
378 silly audit   'object-inspect': [ '1.13.4' ],
378 silly audit   'side-channel-list': [ '1.0.0' ],
378 silly audit   'side-channel-map': [ '1.0.1' ],
378 silly audit   'side-channel-weakmap': [ '1.0.2' ],
378 silly audit   'call-bound': [ '1.0.4' ],
378 silly audit   'get-intrinsic': [ '1.3.0' ],
378 silly audit   'call-bind-apply-helpers': [ '1.0.2' ],
378 silly audit   'function-bind': [ '1.1.2' ],
378 silly audit   'es-define-property': [ '1.0.1' ],
378 silly audit   'es-object-atoms': [ '1.1.1' ],
378 silly audit   'get-proto': [ '1.0.1' ],
378 silly audit   gopd: [ '1.2.0' ],
378 silly audit   'has-symbols': [ '1.1.0' ],
378 silly audit   hasown: [ '2.0.2' ],
378 silly audit   'math-intrinsics': [ '1.1.0' ],
378 silly audit   'dunder-proto': [ '1.0.1' ],
378 silly audit   'media-typer': [ '1.1.0' ]
378 silly audit }
379 http cache media-typer@https://registry.npmjs.org/media-typer/-/media-typer-1.1.0.tgz 0ms (cache hit)
380 http cache has-symbols@https://registry.npmjs.org/has-symbols/-/has-symbols-1.1.0.tgz 0ms (cache hit)
381 http cache gopd@https://registry.npmjs.org/gopd/-/gopd-1.2.0.tgz 0ms (cache hit)
382 http cache dunder-proto@https://registry.npmjs.org/dunder-proto/-/dunder-proto-1.0.1.tgz 0ms (cache hit)
383 http cache get-proto@https://registry.npmjs.org/get-proto/-/get-proto-1.0.1.tgz 0ms (cache hit)
384 http cache es-object-atoms@https://registry.npmjs.org/es-object-atoms/-/es-object-atoms-1.1.1.tgz 0ms (cache hit)
385 http cache es-define-property@https://registry.npmjs.org/es-define-property/-/es-define-property-1.0.1.tgz 0ms (cache hit)
386 http cache function-bind@https://registry.npmjs.org/function-bind/-/function-bind-1.1.2.tgz 0ms (cache hit)
387 http cache call-bind-apply-helpers@https://registry.npmjs.org/call-bind-apply-helpers/-/call-bind-apply-helpers-1.0.2.tgz 0ms (cache hit)
388 http cache math-intrinsics@https://registry.npmjs.org/math-intrinsics/-/math-intrinsics-1.1.0.tgz 0ms (cache hit)
389 http cache call-bound@https://registry.npmjs.org/call-bound/-/call-bound-1.0.4.tgz 0ms (cache hit)
390 http cache get-intrinsic@https://registry.npmjs.org/get-intrinsic/-/get-intrinsic-1.3.0.tgz 0ms (cache hit)
391 http cache side-channel-weakmap@https://registry.npmjs.org/side-channel-weakmap/-/side-channel-weakmap-1.0.2.tgz 0ms (cache hit)
392 http cache side-channel-map@https://registry.npmjs.org/side-channel-map/-/side-channel-map-1.0.1.tgz 0ms (cache hit)
393 http cache hasown@https://registry.npmjs.org/hasown/-/hasown-2.0.2.tgz 0ms (cache hit)
394 http cache side-channel-list@https://registry.npmjs.org/side-channel-list/-/side-channel-list-1.0.0.tgz 0ms (cache hit)
395 http cache object-inspect@https://registry.npmjs.org/object-inspect/-/object-inspect-1.13.4.tgz 0ms (cache hit)
396 http cache es-errors@https://registry.npmjs.org/es-errors/-/es-errors-1.3.0.tgz 0ms (cache hit)
397 http cache path-to-regexp@https://registry.npmjs.org/path-to-regexp/-/path-to-regexp-8.3.0.tgz 0ms (cache hit)
398 http cache is-promise@https://registry.npmjs.org/is-promise/-/is-promise-4.0.0.tgz 0ms (cache hit)
399 http cache unpipe@https://registry.npmjs.org/unpipe/-/unpipe-1.0.0.tgz 0ms (cache hit)
400 http cache side-channel@https://registry.npmjs.org/side-channel/-/side-channel-1.1.0.tgz 0ms (cache hit)
401 http cache ipaddr.js@https://registry.npmjs.org/ipaddr.js/-/ipaddr.js-1.9.1.tgz 0ms (cache hit)
402 http cache forwarded@https://registry.npmjs.org/forwarded/-/forwarded-0.2.0.tgz 0ms (cache hit)
403 http cache wrappy@https://registry.npmjs.org/wrappy/-/wrappy-1.0.2.tgz 0ms (cache hit)
404 http cache ee-first@https://registry.npmjs.org/ee-first/-/ee-first-1.1.1.tgz 0ms (cache hit)
405 http cache mime-db@https://registry.npmjs.org/mime-db/-/mime-db-1.54.0.tgz 0ms (cache hit)
406 http cache safer-buffer@https://registry.npmjs.org/safer-buffer/-/safer-buffer-2.1.2.tgz 0ms (cache hit)
407 http cache toidentifier@https://registry.npmjs.org/toidentifier/-/toidentifier-1.0.1.tgz 0ms (cache hit)
408 http cache setprototypeof@https://registry.npmjs.org/setprototypeof/-/setprototypeof-1.2.0.tgz 0ms (cache hit)
409 http cache inherits@https://registry.npmjs.org/inherits/-/inherits-2.0.4.tgz 0ms (cache hit)
410 http cache ms@https://registry.npmjs.org/ms/-/ms-2.1.3.tgz 0ms (cache hit)
411 http cache iconv-lite@https://registry.npmjs.org/iconv-lite/-/iconv-lite-0.7.1.tgz 1ms (cache hit)
412 http cache raw-body@https://registry.npmjs.org/raw-body/-/raw-body-3.0.2.tgz 0ms (cache hit)
413 http cache bytes@https://registry.npmjs.org/bytes/-/bytes-3.1.2.tgz 0ms (cache hit)
414 http cache negotiator@https://registry.npmjs.org/negotiator/-/negotiator-1.0.0.tgz 0ms (cache hit)
415 http cache type-is@https://registry.npmjs.org/type-is/-/type-is-2.0.1.tgz 0ms (cache hit)
416 http cache statuses@https://registry.npmjs.org/statuses/-/statuses-2.0.2.tgz 0ms (cache hit)
417 http cache serve-static@https://registry.npmjs.org/serve-static/-/serve-static-2.2.0.tgz 0ms (cache hit)
418 http cache send@https://registry.npmjs.org/send/-/send-1.2.0.tgz 0ms (cache hit)
419 http cache router@https://registry.npmjs.org/router/-/router-2.2.0.tgz 0ms (cache hit)
420 http cache range-parser@https://registry.npmjs.org/range-parser/-/range-parser-1.2.1.tgz 0ms (cache hit)
421 http cache qs@https://registry.npmjs.org/qs/-/qs-6.14.0.tgz 0ms (cache hit)
422 http cache proxy-addr@https://registry.npmjs.org/proxy-addr/-/proxy-addr-2.0.7.tgz 0ms (cache hit)
423 http cache parseurl@https://registry.npmjs.org/parseurl/-/parseurl-1.3.3.tgz 0ms (cache hit)
424 http cache once@https://registry.npmjs.org/once/-/once-1.4.0.tgz 0ms (cache hit)
425 http cache mime-types@https://registry.npmjs.org/mime-types/-/mime-types-3.0.2.tgz 0ms (cache hit)
426 http cache on-finished@https://registry.npmjs.org/on-finished/-/on-finished-2.4.1.tgz 0ms (cache hit)
427 http cache merge-descriptors@https://registry.npmjs.org/merge-descriptors/-/merge-descriptors-2.0.0.tgz 0ms (cache hit)
428 http cache http-errors@https://registry.npmjs.org/http-errors/-/http-errors-2.0.1.tgz 0ms (cache hit)
429 http cache fresh@https://registry.npmjs.org/fresh/-/fresh-2.0.0.tgz 0ms (cache hit)
430 http cache etag@https://registry.npmjs.org/etag/-/etag-1.8.1.tgz 0ms (cache hit)
431 http cache finalhandler@https://registry.npmjs.org/finalhandler/-/finalhandler-2.1.1.tgz 0ms (cache hit)
432 http cache escape-html@https://registry.npmjs.org/escape-html/-/escape-html-1.0.3.tgz 0ms (cache hit)
433 http cache encodeurl@https://registry.npmjs.org/encodeurl/-/encodeurl-2.0.0.tgz 0ms (cache hit)
434 http cache depd@https://registry.npmjs.org/depd/-/depd-2.0.0.tgz 0ms (cache hit)
435 http cache debug@https://registry.npmjs.org/debug/-/debug-4.4.3.tgz 0ms (cache hit)
436 http cache cookie@https://registry.npmjs.org/cookie/-/cookie-0.7.2.tgz 0ms (cache hit)
437 http cache cookie-signature@https://registry.npmjs.org/cookie-signature/-/cookie-signature-1.2.2.tgz 0ms (cache hit)
438 http cache content-type@https://registry.npmjs.org/content-type/-/content-type-1.0.5.tgz 0ms (cache hit)
439 http cache body-parser@https://registry.npmjs.org/body-parser/-/body-parser-2.2.1.tgz 0ms (cache hit)
440 http cache content-disposition@https://registry.npmjs.org/content-disposition/-/content-disposition-1.0.1.tgz 0ms (cache hit)
441 http cache accepts@https://registry.npmjs.org/accepts/-/accepts-2.0.0.tgz 0ms (cache hit)
442 http cache vary@https://registry.npmjs.org/vary/-/vary-1.1.2.tgz 0ms (cache hit)
443 http cache object-assign@https://registry.npmjs.org/object-assign/-/object-assign-4.1.1.tgz 0ms (cache hit)
444 http cache express@https://registry.npmjs.org/express/-/express-5.2.1.tgz 0ms (cache hit)
445 http cache cors@https://registry.npmjs.org/cors/-/cors-2.8.5.tgz 0ms (cache hit)
446 silly tarball no local data for media-typer@https://registry.npmjs.org/media-typer/-/media-typer-1.1.0.tgz. Extracting by manifest.
447 silly tarball no local data for is-promise@https://registry.npmjs.org/is-promise/-/is-promise-4.0.0.tgz. Extracting by manifest.
448 silly tarball no local data for unpipe@https://registry.npmjs.org/unpipe/-/unpipe-1.0.0.tgz. Extracting by manifest.
449 silly tarball no local data for path-to-regexp@https://registry.npmjs.org/path-to-regexp/-/path-to-regexp-8.3.0.tgz. Extracting by manifest.
450 silly tarball no local data for wrappy@https://registry.npmjs.org/wrappy/-/wrappy-1.0.2.tgz. Extracting by manifest.
451 silly tarball no local data for forwarded@https://registry.npmjs.org/forwarded/-/forwarded-0.2.0.tgz. Extracting by manifest.
452 silly tarball no local data for mime-db@https://registry.npmjs.org/mime-db/-/mime-db-1.54.0.tgz. Extracting by manifest.
453 silly tarball no local data for safer-buffer@https://registry.npmjs.org/safer-buffer/-/safer-buffer-2.1.2.tgz. Extracting by manifest.
454 silly tarball no local data for ipaddr.js@https://registry.npmjs.org/ipaddr.js/-/ipaddr.js-1.9.1.tgz. Extracting by manifest.
455 silly tarball no local data for ee-first@https://registry.npmjs.org/ee-first/-/ee-first-1.1.1.tgz. Extracting by manifest.
456 silly tarball no local data for setprototypeof@https://registry.npmjs.org/setprototypeof/-/setprototypeof-1.2.0.tgz. Extracting by manifest.
457 silly tarball no local data for toidentifier@https://registry.npmjs.org/toidentifier/-/toidentifier-1.0.1.tgz. Extracting by manifest.
458 silly tarball no local data for inherits@https://registry.npmjs.org/inherits/-/inherits-2.0.4.tgz. Extracting by manifest.
459 silly tarball no local data for iconv-lite@https://registry.npmjs.org/iconv-lite/-/iconv-lite-0.7.1.tgz. Extracting by manifest.
460 silly tarball no local data for bytes@https://registry.npmjs.org/bytes/-/bytes-3.1.2.tgz. Extracting by manifest.
461 silly tarball no local data for raw-body@https://registry.npmjs.org/raw-body/-/raw-body-3.0.2.tgz. Extracting by manifest.
462 silly tarball no local data for negotiator@https://registry.npmjs.org/negotiator/-/negotiator-1.0.0.tgz. Extracting by manifest.
463 silly tarball no local data for type-is@https://registry.npmjs.org/type-is/-/type-is-2.0.1.tgz. Extracting by manifest.
464 silly tarball no local data for statuses@https://registry.npmjs.org/statuses/-/statuses-2.0.2.tgz. Extracting by manifest.
465 silly tarball no local data for send@https://registry.npmjs.org/send/-/send-1.2.0.tgz. Extracting by manifest.
466 silly tarball no local data for serve-static@https://registry.npmjs.org/serve-static/-/serve-static-2.2.0.tgz. Extracting by manifest.
467 silly tarball no local data for router@https://registry.npmjs.org/router/-/router-2.2.0.tgz. Extracting by manifest.
468 silly tarball no local data for range-parser@https://registry.npmjs.org/range-parser/-/range-parser-1.2.1.tgz. Extracting by manifest.
469 silly tarball no local data for qs@https://registry.npmjs.org/qs/-/qs-6.14.0.tgz. Extracting by manifest.
470 silly tarball no local data for parseurl@https://registry.npmjs.org/parseurl/-/parseurl-1.3.3.tgz. Extracting by manifest.
471 silly tarball no local data for mime-types@https://registry.npmjs.org/mime-types/-/mime-types-3.0.2.tgz. Extracting by manifest.
472 silly tarball no local data for once@https://registry.npmjs.org/once/-/once-1.4.0.tgz. Extracting by manifest.
473 silly tarball no local data for proxy-addr@https://registry.npmjs.org/proxy-addr/-/proxy-addr-2.0.7.tgz. Extracting by manifest.
474 silly tarball no local data for merge-descriptors@https://registry.npmjs.org/merge-descriptors/-/merge-descriptors-2.0.0.tgz. Extracting by manifest.
475 silly tarball no local data for on-finished@https://registry.npmjs.org/on-finished/-/on-finished-2.4.1.tgz. Extracting by manifest.
476 silly tarball no local data for http-errors@https://registry.npmjs.org/http-errors/-/http-errors-2.0.1.tgz. Extracting by manifest.
477 silly tarball no local data for fresh@https://registry.npmjs.org/fresh/-/fresh-2.0.0.tgz. Extracting by manifest.
478 silly tarball no local data for etag@https://registry.npmjs.org/etag/-/etag-1.8.1.tgz. Extracting by manifest.
479 silly tarball no local data for finalhandler@https://registry.npmjs.org/finalhandler/-/finalhandler-2.1.1.tgz. Extracting by manifest.
480 silly tarball no local data for escape-html@https://registry.npmjs.org/escape-html/-/escape-html-1.0.3.tgz. Extracting by manifest.
481 silly tarball no local data for encodeurl@https://registry.npmjs.org/encodeurl/-/encodeurl-2.0.0.tgz. Extracting by manifest.
482 silly tarball no local data for depd@https://registry.npmjs.org/depd/-/depd-2.0.0.tgz. Extracting by manifest.
483 silly tarball no local data for cookie@https://registry.npmjs.org/cookie/-/cookie-0.7.2.tgz. Extracting by manifest.
484 silly tarball no local data for cookie-signature@https://registry.npmjs.org/cookie-signature/-/cookie-signature-1.2.2.tgz. Extracting by manifest.
485 silly tarball no local data for accepts@https://registry.npmjs.org/accepts/-/accepts-2.0.0.tgz. Extracting by manifest.
486 silly tarball no local data for content-disposition@https://registry.npmjs.org/content-disposition/-/content-disposition-1.0.1.tgz. Extracting by manifest.
487 silly tarball no local data for vary@https://registry.npmjs.org/vary/-/vary-1.1.2.tgz. Extracting by manifest.
488 silly tarball no local data for express@https://registry.npmjs.org/express/-/express-5.2.1.tgz. Extracting by manifest.
489 silly tarball no local data for cors@https://registry.npmjs.org/cors/-/cors-2.8.5.tgz. Extracting by manifest.
490 silly tarball no local data for body-parser@https://registry.npmjs.org/body-parser/-/body-parser-2.2.1.tgz. Extracting by manifest.
491 silly tarball no local data for content-type@https://registry.npmjs.org/content-type/-/content-type-1.0.5.tgz. Extracting by manifest.
492 http fetch GET 200 https://registry.npmjs.org/media-typer/-/media-typer-1.1.0.tgz 163ms (cache miss)
493 http fetch GET 200 https://registry.npmjs.org/forwarded/-/forwarded-0.2.0.tgz 164ms (cache miss)
494 http fetch GET 200 https://registry.npmjs.org/unpipe/-/unpipe-1.0.0.tgz 167ms (cache miss)
495 http fetch GET 200 https://registry.npmjs.org/wrappy/-/wrappy-1.0.2.tgz 166ms (cache miss)
496 http fetch GET 200 https://registry.npmjs.org/is-promise/-/is-promise-4.0.0.tgz 169ms (cache miss)
497 http fetch GET 200 https://registry.npmjs.org/path-to-regexp/-/path-to-regexp-8.3.0.tgz 168ms (cache miss)
498 http fetch GET 200 https://registry.npmjs.org/bytes/-/bytes-3.1.2.tgz 166ms (cache miss)
499 http fetch GET 200 https://registry.npmjs.org/raw-body/-/raw-body-3.0.2.tgz 171ms (cache miss)
500 http fetch GET 200 https://registry.npmjs.org/statuses/-/statuses-2.0.2.tgz 188ms (cache miss)
501 http fetch GET 200 https://registry.npmjs.org/negotiator/-/negotiator-1.0.0.tgz 190ms (cache miss)
502 http fetch GET 200 https://registry.npmjs.org/type-is/-/type-is-2.0.1.tgz 199ms (cache miss)
503 http fetch GET 200 https://registry.npmjs.org/send/-/send-1.2.0.tgz 205ms (cache miss)
504 http fetch GET 200 https://registry.npmjs.org/router/-/router-2.2.0.tgz 224ms (cache miss)
505 http fetch GET 200 https://registry.npmjs.org/serve-static/-/serve-static-2.2.0.tgz 225ms (cache miss)
506 http fetch POST 200 https://registry.npmjs.org/-/npm/v1/security/advisories/bulk 275ms
507 silly audit report {}
508 http fetch GET 200 https://registry.npmjs.org/range-parser/-/range-parser-1.2.1.tgz 256ms (cache miss)
509 http fetch GET 200 https://registry.npmjs.org/mime-db/-/mime-db-1.54.0.tgz 286ms (cache miss)
510 http fetch GET 200 https://registry.npmjs.org/ipaddr.js/-/ipaddr.js-1.9.1.tgz 293ms (cache miss)
511 http fetch GET 200 https://registry.npmjs.org/inherits/-/inherits-2.0.4.tgz 329ms (cache miss)
512 http fetch GET 200 https://registry.npmjs.org/setprototypeof/-/setprototypeof-1.2.0.tgz 330ms (cache miss)
513 http fetch GET 200 https://registry.npmjs.org/mime-types/-/mime-types-3.0.2.tgz 323ms (cache miss)
514 http fetch GET 200 https://registry.npmjs.org/merge-descriptors/-/merge-descriptors-2.0.0.tgz 322ms (cache miss)
515 http fetch GET 200 https://registry.npmjs.org/ee-first/-/ee-first-1.1.1.tgz 332ms (cache miss)
516 http fetch GET 200 https://registry.npmjs.org/once/-/once-1.4.0.tgz 325ms (cache miss)
517 http fetch GET 200 https://registry.npmjs.org/proxy-addr/-/proxy-addr-2.0.7.tgz 325ms (cache miss)
518 http fetch GET 200 https://registry.npmjs.org/parseurl/-/parseurl-1.3.3.tgz 327ms (cache miss)
519 http fetch GET 200 https://registry.npmjs.org/toidentifier/-/toidentifier-1.0.1.tgz 335ms (cache miss)
520 http fetch GET 200 https://registry.npmjs.org/http-errors/-/http-errors-2.0.1.tgz 326ms (cache miss)
521 http fetch GET 200 https://registry.npmjs.org/on-finished/-/on-finished-2.4.1.tgz 328ms (cache miss)
522 http fetch GET 200 https://registry.npmjs.org/safer-buffer/-/safer-buffer-2.1.2.tgz 339ms (cache miss)
523 http fetch GET 200 https://registry.npmjs.org/qs/-/qs-6.14.0.tgz 333ms (cache miss)
524 http fetch GET 200 https://registry.npmjs.org/fresh/-/fresh-2.0.0.tgz 338ms (cache miss)
525 http fetch GET 200 https://registry.npmjs.org/iconv-lite/-/iconv-lite-0.7.1.tgz 355ms (cache miss)
526 http fetch GET 200 https://registry.npmjs.org/etag/-/etag-1.8.1.tgz 358ms (cache miss)
527 http fetch GET 200 https://registry.npmjs.org/encodeurl/-/encodeurl-2.0.0.tgz 358ms (cache miss)
528 http fetch GET 200 https://registry.npmjs.org/finalhandler/-/finalhandler-2.1.1.tgz 360ms (cache miss)
529 http fetch GET 200 https://registry.npmjs.org/depd/-/depd-2.0.0.tgz 358ms (cache miss)
530 http fetch GET 200 https://registry.npmjs.org/cookie-signature/-/cookie-signature-1.2.2.tgz 360ms (cache miss)
531 http fetch GET 200 https://registry.npmjs.org/content-disposition/-/content-disposition-1.0.1.tgz 364ms (cache miss)
532 http fetch GET 200 https://registry.npmjs.org/vary/-/vary-1.1.2.tgz 386ms (cache miss)
533 http fetch GET 200 https://registry.npmjs.org/cors/-/cors-2.8.5.tgz 383ms (cache miss)
534 http fetch GET 200 https://registry.npmjs.org/accepts/-/accepts-2.0.0.tgz 389ms (cache miss)
535 http fetch GET 200 https://registry.npmjs.org/escape-html/-/escape-html-1.0.3.tgz 395ms (cache miss)
536 http fetch GET 200 https://registry.npmjs.org/cookie/-/cookie-0.7.2.tgz 394ms (cache miss)
537 http fetch GET 200 https://registry.npmjs.org/body-parser/-/body-parser-2.2.1.tgz 388ms (cache miss)
538 http fetch GET 200 https://registry.npmjs.org/express/-/express-5.2.1.tgz 392ms (cache miss)
539 http fetch GET 200 https://registry.npmjs.org/content-type/-/content-type-1.0.5.tgz 397ms (cache miss)
540 silly ADD node_modules/media-typer
541 silly ADD node_modules/dunder-proto
542 silly ADD node_modules/math-intrinsics
543 silly ADD node_modules/hasown
544 silly ADD node_modules/has-symbols
545 silly ADD node_modules/gopd
546 silly ADD node_modules/get-proto
547 silly ADD node_modules/es-object-atoms
548 silly ADD node_modules/es-define-property
549 silly ADD node_modules/function-bind
550 silly ADD node_modules/call-bind-apply-helpers
551 silly ADD node_modules/get-intrinsic
552 silly ADD node_modules/call-bound
553 silly ADD node_modules/side-channel-weakmap
554 silly ADD node_modules/side-channel-map
555 silly ADD node_modules/side-channel-list
556 silly ADD node_modules/object-inspect
557 silly ADD node_modules/es-errors
558 silly ADD node_modules/path-to-regexp
559 silly ADD node_modules/is-promise
560 silly ADD node_modules/unpipe
561 silly ADD node_modules/side-channel
562 silly ADD node_modules/ipaddr.js
563 silly ADD node_modules/forwarded
564 silly ADD node_modules/wrappy
565 silly ADD node_modules/ee-first
566 silly ADD node_modules/mime-db
567 silly ADD node_modules/safer-buffer
568 silly ADD node_modules/toidentifier
569 silly ADD node_modules/setprototypeof
570 silly ADD node_modules/inherits
571 silly ADD node_modules/ms
572 silly ADD node_modules/raw-body
573 silly ADD node_modules/iconv-lite
574 silly ADD node_modules/bytes
575 silly ADD node_modules/negotiator
576 silly ADD node_modules/type-is
577 silly ADD node_modules/statuses
578 silly ADD node_modules/serve-static
579 silly ADD node_modules/send
580 silly ADD node_modules/router
581 silly ADD node_modules/range-parser
582 silly ADD node_modules/qs
583 silly ADD node_modules/proxy-addr
584 silly ADD node_modules/parseurl
585 silly ADD node_modules/once
586 silly ADD node_modules/on-finished
587 silly ADD node_modules/mime-types
588 silly ADD node_modules/merge-descriptors
589 silly ADD node_modules/http-errors
590 silly ADD node_modules/fresh
591 silly ADD node_modules/finalhandler
592 silly ADD node_modules/etag
593 silly ADD node_modules/escape-html
594 silly ADD node_modules/encodeurl
595 silly ADD node_modules/depd
596 silly ADD node_modules/debug
597 silly ADD node_modules/cookie-signature
598 silly ADD node_modules/cookie
599 silly ADD node_modules/content-type
600 silly ADD node_modules/content-disposition
601 silly ADD node_modules/body-parser
602 silly ADD node_modules/accepts
603 silly ADD node_modules/vary
604 silly ADD node_modules/object-assign
605 silly ADD node_modules/express
606 silly ADD node_modules/cors
607 verbose cwd /data/data/com.termux/files/home/ai-validasi-ide/backend
608 verbose os Linux 6.1.99-android14-11-30958380-abS928BXXS4BYEB
609 verbose node v24.11.1
610 verbose npm  v11.6.2
611 verbose exit 0
612 info ok
