0 verbose cli /data/data/com.termux/files/usr/bin/node /data/data/com.termux/files/usr/bin/npm
1 info using npm@11.6.2
2 info using node@v24.11.1
3 silly config load:file:/data/data/com.termux/files/usr/lib/node_modules/npm/npmrc
4 silly config load:file:/data/data/com.termux/files/home/ai-validasi-ide/backend/.npmrc
5 silly config load:file:/data/data/com.termux/files/home/.npmrc
6 silly config load:file:/data/data/com.termux/files/usr/etc/npmrc
7 verbose title npm init
8 verbose argv "init" "--yes"
9 verbose logfile logs-max:10 dir:/data/data/com.termux/files/home/.npm/_logs/2025-12-13T06_48_42_792Z-
10 verbose logfile /data/data/com.termux/files/home/.npm/_logs/2025-12-13T06_48_42_792Z-debug-0.log
11 silly logfile start cleaning logs, removing 1 files
12 silly logfile done cleaning log files
13 silly package data {
13 silly package data   name: 'backend',
13 silly package data   version: '1.0.0',
13 silly package data   description: '',
13 silly package data   main: 'index.js',
13 silly package data   scripts: { test: 'echo "Error: no test specified" && exit 1' },
13 silly package data   keywords: [],
13 silly package data   author: '',
13 silly package data   license: 'ISC',
13 silly package data   type: 'commonjs',
13 silly package data   Symbol(newline): '\n',
13 silly package data   Symbol(indent): '  '
13 silly package data }
14 verbose cwd /data/data/com.termux/files/home/ai-validasi-ide/backend
15 verbose os Linux 6.1.99-android14-11-30958380-abS928BXXS4BYEB
16 verbose node v24.11.1
17 verbose npm  v11.6.2
18 verbose exit 0
19 info ok
